\BOOKMARK [1][-]{section.1}{\376\377\000W\000s\000t\001\031\000p}{}% 1
\BOOKMARK [1][-]{section.2}{\376\377\000M\000o\000d\000e\000l\000\040\000m\000a\000t\000e\000m\000a\000t\000y\000c\000z\000n\000y\000\040\000u\000k\001\102\000a\000d\000u}{}% 2
\BOOKMARK [2][-]{subsection.2.1}{\376\377\000O\000p\000i\000s\000\040\000f\000i\000z\000y\000c\000z\000n\000y\000\040\000i\000\040\000z\000a\001\102\000o\001\174\000e\000n\000i\000a\000\040\000u\000p\000r\000a\000s\000z\000c\000z\000a\000j\001\005\000c\000e}{section.2}% 3
\BOOKMARK [2][-]{subsection.2.2}{\376\377\000A\000n\000a\000l\000i\000z\000a\000\040\000k\000i\000n\000e\000m\000a\000t\000y\000c\000z\000n\000a}{section.2}% 4
\BOOKMARK [2][-]{subsection.2.3}{\376\377\000R\000\363\000w\000n\000a\000n\000i\000a\000\040\000d\000y\000n\000a\000m\000i\000k\000i\000\040\000u\000k\001\102\000a\000d\000u}{section.2}% 5
\BOOKMARK [3][-]{subsubsection.2.3.1}{\376\377\000B\000i\000l\000a\000n\000s\000\040\000s\000i\001\102\000\040\000w\000\040\000k\000i\000e\000r\000u\000n\000k\000u\000\040\000p\000o\000z\000i\000o\000m\000y\000m}{subsection.2.3}% 6
\BOOKMARK [3][-]{subsubsection.2.3.2}{\376\377\000B\000i\000l\000a\000n\000s\000\040\000m\000o\000m\000e\000n\000t\000\363\000w\000\040\000s\000i\001\102}{subsection.2.3}% 7
\BOOKMARK [2][-]{subsection.2.4}{\376\377\000N\000i\000e\000l\000i\000n\000i\000o\000w\000y\000\040\000m\000o\000d\000e\000l\000\040\000w\000\040\000p\000r\000z\000e\000s\000t\000r\000z\000e\000n\000i\000\040\000s\000t\000a\000n\000\363\000w}{section.2}% 8
\BOOKMARK [2][-]{subsection.2.5}{\376\377\000L\000i\000n\000e\000a\000r\000y\000z\000a\000c\000j\000a\000\040\000m\000o\000d\000e\000l\000u\000\040\000w\000\040\000p\000u\000n\000k\000c\000i\000e\000\040\000p\000r\000a\000c\000y}{section.2}% 9
\BOOKMARK [3][-]{subsubsection.2.5.1}{\376\377\000A\000n\000a\000l\000i\000z\000a\000\040\000w\000a\000r\000t\000o\001\133\000c\000i\000\040\000w\001\102\000a\000s\000n\000y\000c\000h\000\040\000u\000k\001\102\000a\000d\000u\000\040\000o\000t\000w\000a\000r\000t\000e\000g\000o}{subsection.2.5}% 10
\BOOKMARK [3][-]{subsubsection.2.5.2}{\376\377\000S\000t\000e\000r\000o\000w\000n\000o\001\133\001\007\000\040\000i\000\040\000o\000b\000s\000e\000r\000w\000o\000w\000a\000l\000n\000o\001\133\001\007}{subsection.2.5}% 11
\BOOKMARK [2][-]{subsection.2.6}{\376\377\000A\000n\000a\000l\000i\000z\000a\000\040\000z\000a\000c\000h\000o\000w\000a\000n\000i\000a\000\040\000u\000k\001\102\000a\000d\000u\000\040\000w\000\040\000p\001\031\000t\000l\000i\000\040\000o\000t\000w\000a\000r\000t\000e\000j}{section.2}% 12
\BOOKMARK [1][-]{section.3}{\376\377\001\132\000r\000o\000d\000o\000w\000i\000s\000k\000o\000\040\000s\000y\000m\000u\000l\000a\000c\000y\000j\000n\000e\000\040\000i\000\040\000i\000m\000p\000l\000e\000m\000e\000n\000t\000a\000c\000j\000a}{}% 13
\BOOKMARK [2][-]{subsection.3.1}{\376\377\000N\000a\000r\000z\001\031\000d\000z\000i\000a\000\040\000p\000r\000o\000g\000r\000a\000m\000i\000s\000t\000y\000c\000z\000n\000e}{section.3}% 14
\BOOKMARK [2][-]{subsection.3.2}{\376\377\000K\000o\000n\000f\000i\000g\000u\000r\000a\000c\000j\000a\000\040\000s\000y\000m\000u\000l\000a\000c\000j\000i}{section.3}% 15
\BOOKMARK [2][-]{subsection.3.3}{\376\377\000M\000o\000d\000e\000l\000o\000w\000a\000n\000i\000e\000\040\000z\000a\000k\001\102\000\363\000c\000e\001\104}{section.3}% 16
\BOOKMARK [2][-]{subsection.3.4}{\376\377\000W\000i\000z\000u\000a\000l\000i\000z\000a\000c\000j\000a\000\040\000i\000\040\000a\000n\000i\000m\000a\000c\000j\000a}{section.3}% 17
\BOOKMARK [1][-]{section.4}{\376\377\000A\000l\000g\000o\000r\000y\000t\000m\000y\000\040\000s\000t\000e\000r\000o\000w\000a\000n\000i\000a}{}% 18
\BOOKMARK [2][-]{subsection.4.1}{\376\377\000R\000\363\000w\000n\000o\000l\000e\000g\001\102\000y\000\040\000r\000e\000g\000u\000l\000a\000t\000o\000r\000\040\000P\000I\000D}{section.4}% 19
\BOOKMARK [3][-]{subsubsection.4.1.1}{\376\377\000P\000r\000o\000c\000e\000s\000\040\000d\000o\000b\000o\000r\000u\000\040\000n\000a\000s\000t\000a\000w\000\040\000o\000r\000a\000z\000\040\000a\000n\000a\000l\000i\000z\000a\000\040\000P\000I\000D}{subsection.4.1}% 20
\BOOKMARK [2][-]{subsection.4.2}{\376\377\000U\000k\001\102\000a\000d\000\040\000h\000y\000b\000r\000y\000d\000o\000w\000y\000\040\000P\000I\000D\000-\000L\000Q\000R}{section.4}% 21
\BOOKMARK [3][-]{subsubsection.4.2.1}{\376\377\000D\000o\000b\000\363\000r\000\040\000w\000a\000g\000\040\000m\000a\000c\000i\000e\000r\000z\000y\000\040\000Q\000\040\000i\000\040\000R}{subsection.4.2}% 22
\BOOKMARK [2][-]{subsection.4.3}{\376\377\000N\000i\000e\000l\000i\000n\000i\000o\000w\000e\000\040\000s\000t\000e\000r\000o\000w\000a\000n\000i\000e\000\040\000p\000r\000e\000d\000y\000k\000c\000y\000j\000n\000e\000\040\000\050\000M\000P\000C\000\051}{section.4}% 23
\BOOKMARK [3][-]{subsubsection.4.3.1}{\376\377\000D\000o\000b\000\363\000r\000\040\000h\000o\000r\000y\000z\000o\000n\000t\000u\000\040\000i\000\040\000w\000a\000g\000\040\000f\000u\000n\000k\000c\000j\000i\000\040\000c\000e\000l\000u}{subsection.4.3}% 24
\BOOKMARK [2][-]{subsection.4.4}{\376\377\000M\000P\000C\000\040\000z\000\040\000r\000o\000z\000s\000z\000e\000r\000z\000o\000n\000y\000m\000\040\000w\000s\000k\000a\001\172\000n\000i\000k\000i\000e\000m\000\040\000j\000a\000k\000o\001\133\000c\000i\000\040\000\050\000M\000P\000C\000-\000a\000l\000t\000\051}{section.4}% 25
\BOOKMARK [3][-]{subsubsection.4.4.1}{\376\377\000D\000o\000b\000\363\000r\000\040\000p\000a\000r\000a\000m\000e\000t\000r\000\363\000w\000\040\000i\000\040\000a\000n\000a\000l\000i\000z\000a\000\040\000w\000p\001\102\000y\000w\000u\000\040\000k\000a\000r\000y\000\040\000z\000a\000\040\000e\000n\000e\000r\000g\000i\001\031}{subsection.4.4}% 26
\BOOKMARK [2][-]{subsection.4.5}{\376\377\000L\000i\000n\000i\000o\000w\000y\000\040\000r\000e\000g\000u\000l\000a\000t\000o\000r\000\040\000M\000P\000C\000\040\000\050\000L\000M\000P\000C\000\051}{section.4}% 27
\BOOKMARK [3][-]{subsubsection.4.5.1}{\376\377\000D\000o\000b\000\363\000r\000\040\000p\000a\000r\000a\000m\000e\000t\000r\000\363\000w\000\040\000i\000\040\000a\000n\000a\000l\000i\000z\000a\000\040\000d\000z\000i\000a\001\102\000a\000n\000i\000a}{subsection.4.5}% 28
\BOOKMARK [2][-]{subsection.4.6}{\376\377\000R\000e\000g\000u\000l\000a\000t\000o\000r\000\040\000r\000o\000z\000m\000y\000t\000y\000\040\000w\000s\000p\000o\000m\000a\000g\000a\000n\000y\000\040\000L\000Q\000R\000\040\000\050\000F\000u\000z\000z\000y\000-\000L\000Q\000R\000\051}{section.4}% 29
\BOOKMARK [3][-]{subsubsection.4.6.1}{\376\377\000D\000o\000b\000\363\000r\000\040\000r\000e\000g\000u\001\102\000\040\000i\000\040\000f\000u\000n\000k\000c\000j\000i\000\040\000p\000r\000z\000y\000n\000a\000l\000e\001\174\000n\000o\001\133\000c\000i}{subsection.4.6}% 30
\BOOKMARK [1][-]{section.5}{\376\377\000E\000k\000s\000p\000e\000r\000y\000m\000e\000n\000t\000y}{}% 31
\BOOKMARK [2][-]{subsection.5.1}{\376\377\000P\000l\000a\000n\000\040\000e\000k\000s\000p\000e\000r\000y\000m\000e\000n\000t\000\363\000w}{section.5}% 32
\BOOKMARK [2][-]{subsection.5.2}{\376\377\000W\000s\000k\000a\001\172\000n\000i\000k\000i\000\040\000j\000a\000k\000o\001\133\000c\000i\000\040\000r\000e\000g\000u\000l\000a\000c\000j\000i}{section.5}% 33
\BOOKMARK [1][-]{section.6}{\376\377\000A\000n\000a\000l\000i\000z\000a\000\040\000w\000y\000n\000i\000k\000\363\000w}{}% 34
\BOOKMARK [2][-]{subsection.6.1}{\376\377\000S\000t\000a\000b\000i\000l\000i\000z\000a\000c\000j\000a\000\040\000w\000\040\000w\000a\000r\000u\000n\000k\000a\000c\000h\000\040\000n\000o\000m\000i\000n\000a\000l\000n\000y\000c\000h}{section.6}% 35
\BOOKMARK [3][-]{subsubsection.6.1.1}{\376\377\000C\000h\000a\000r\000a\000k\000t\000e\000r\000y\000s\000t\000y\000k\000a\000\040\000r\000e\000g\000u\000l\000a\000t\000o\000r\000\363\000w\000\040\000k\000l\000a\000s\000y\000c\000z\000n\000y\000c\000h}{subsection.6.1}% 36
\BOOKMARK [3][-]{subsubsection.6.1.2}{\376\377\000C\000h\000a\000r\000a\000k\000t\000e\000r\000y\000s\000t\000y\000k\000a\000\040\000r\000e\000g\000u\000l\000a\000t\000o\000r\000\363\000w\000\040\000z\000a\000a\000w\000a\000n\000s\000o\000w\000a\000n\000y\000c\000h}{subsection.6.1}% 37
\BOOKMARK [3][-]{subsubsection.6.1.3}{\376\377\000Z\000e\000s\000t\000a\000w\000i\000e\000n\000i\000e\000\040\000w\000y\000n\000i\000k\000\363\000w}{subsection.6.1}% 38
\BOOKMARK [2][-]{subsection.6.2}{\376\377\000A\000n\000a\000l\000i\000z\000a\000\040\000o\000d\000p\000o\000r\000n\000o\001\133\000c\000i\000\040\000n\000a\000\040\000z\000a\000k\001\102\000\363\000c\000e\000n\000i\000a}{section.6}% 39
\BOOKMARK [3][-]{subsubsection.6.2.1}{\376\377\000C\000h\000a\000r\000a\000k\000t\000e\000r\000y\000s\000t\000y\000k\000a\000\040\000r\000e\000g\000u\000l\000a\000t\000o\000r\000\363\000w\000\040\000k\000l\000a\000s\000y\000c\000z\000n\000y\000c\000h}{subsection.6.2}% 40
\BOOKMARK [3][-]{subsubsection.6.2.2}{\376\377\000C\000h\000a\000r\000a\000k\000t\000e\000r\000y\000s\000t\000y\000k\000a\000\040\000r\000e\000g\000u\000l\000a\000t\000o\000r\000\363\000w\000\040\000z\000a\000a\000w\000a\000n\000s\000o\000w\000a\000n\000y\000c\000h}{subsection.6.2}% 41
\BOOKMARK [3][-]{subsubsection.6.2.3}{\376\377\000Z\000e\000s\000t\000a\000w\000i\000e\000n\000i\000e\000\040\000w\000y\000n\000i\000k\000\363\000w}{subsection.6.2}% 42
\BOOKMARK [2][-]{subsection.6.3}{\376\377\000A\000n\000a\000l\000i\000z\000a\000\040\000o\000d\000p\000o\000r\000n\000o\001\133\000c\000i\000\040\000n\000a\000\040\000z\000m\000i\000a\000n\001\031\000\040\000p\000a\000r\000a\000m\000e\000t\000r\000\363\000w\000\040\000m\000o\000d\000e\000l\000u}{section.6}% 43
\BOOKMARK [3][-]{subsubsection.6.3.1}{\376\377\000A\000n\000a\000l\000i\000z\000a\000\040\000w\000r\000a\001\174\000l\000i\000w\000o\001\133\000c\000i\000\040\000n\000a\000\040\000z\000a\000k\000r\000e\000s\000\040\000z\000m\000i\000a\000n}{subsection.6.3}% 44
\BOOKMARK [2][-]{subsection.6.4}{\376\377\000S\000z\000c\000z\000e\000g\000\363\001\102\000o\000w\000e\000\040\000z\000e\000s\000t\000a\000w\000i\000e\000n\000i\000e\000\040\000i\000l\000o\001\133\000c\000i\000o\000w\000e}{section.6}% 45
\BOOKMARK [2][-]{subsection.6.5}{\376\377\000P\000o\000r\000\363\000w\000n\000a\000n\000i\000e\000\040\000z\001\102\000o\001\174\000o\000n\000o\001\133\000c\000i\000\040\000o\000b\000l\000i\000c\000z\000e\000n\000i\000o\000w\000e\000j}{section.6}% 46
\BOOKMARK [1][-]{section.7}{\376\377\000P\000o\000d\000s\000u\000m\000o\000w\000a\000n\000i\000e}{}% 47
\BOOKMARK [1][-]{section*.53}{\376\377\000B\000i\000b\000l\000i\000o\000g\000r\000a\000f\000i\000a}{}% 48
\BOOKMARK [1][-]{section*.54}{\376\377\000W\000y\000k\000a\000z\000\040\000s\000y\000m\000b\000o\000l\000i\000\040\000i\000\040\000s\000k\000r\000\363\000t\000\363\000w}{}% 49
\BOOKMARK [1][-]{section*.54}{\376\377\000S\000p\000i\000s\000\040\000r\000y\000s\000u\000n\000k\000\363\000w}{}% 50
\BOOKMARK [1][-]{section*.54}{\376\377\000S\000p\000i\000s\000\040\000t\000a\000b\000e\000l}{}% 51
